Using pre-set license
Built from '2020.3/staging' branch; Version is '2020.3.17f1 (a4537701e4ab) revision 10769271'; Using compiler version '192528614'; Build Type 'Release'
OS: 'Windows 10 Pro; OS build 19042.1237; Version 2009; 64bit' Language: 'en' Physical Memory: 16131 MB
BatchMode: 1, IsHumanControllingUs: 0, StartBugReporterOnCrash: 0, Is64bit: 1, IsPro: 0

COMMAND LINE ARGUMENTS:
C:\Program Files\Unity\Hub\Editor\2020.3.17f1\Editor\Unity.exe
-adb2
-batchMode
-noUpm
-name
AssetImportWorker0
-projectPath
C:/Users/shane/OneDrive/Documents/GitHub/C#/Logo-Quiz
-logFile
Logs/AssetImportWorker0.log
-srvPort
63370
Successfully changed project path to: C:/Users/shane/OneDrive/Documents/GitHub/C#/Logo-Quiz
C:/Users/shane/OneDrive/Documents/GitHub/C#/Logo-Quiz
Using Asset Import Pipeline V2.
Refreshing native plugins compatible for Editor in 42.96 ms, found 3 plugins.
Preloading 0 native plugins for Editor in 0.00 ms.
Initialize engine version: 2020.3.17f1 (a4537701e4ab)
[Subsystems] Discovering subsystems at path C:/Program Files/Unity/Hub/Editor/2020.3.17f1/Editor/Data/Resources/UnitySubsystems
[Subsystems] Discovering subsystems at path C:/Users/shane/OneDrive/Documents/GitHub/C#/Logo-Quiz/Assets
GfxDevice: creating device client; threaded=0
Direct3D:
    Version:  Direct3D 11.0 [level 11.1]
    Renderer: Intel(R) UHD Graphics 620 (ID=0x3ea0)
    Vendor:   
    VRAM:     8065 MB
    Driver:   27.20.100.8935
Initialize mono
Mono path[0] = 'C:/Program Files/Unity/Hub/Editor/2020.3.17f1/Editor/Data/Managed'
Mono path[1] = 'C:/Program Files/Unity/Hub/Editor/2020.3.17f1/Editor/Data/MonoBleedingEdge/lib/mono/unityjit'
Mono config path = 'C:/Program Files/Unity/Hub/Editor/2020.3.17f1/Editor/Data/MonoBleedingEdge/etc'
Using monoOptions --debugger-agent=transport=dt_socket,embedding=1,server=y,suspend=n,address=127.0.0.1:56212
Begin MonoManager ReloadAssembly
Registering precompiled unity dll's ...
Register platform support module: C:/Program Files/Unity/Hub/Editor/2020.3.17f1/Editor/Data/PlaybackEngines/WebGLSupport/UnityEditor.WebGL.Extensions.dll
Register platform support module: C:/Program Files/Unity/Hub/Editor/2020.3.17f1/Editor/Data/PlaybackEngines/WindowsStandaloneSupport/UnityEditor.WindowsStandalone.Extensions.dll
Registered in 0.002089 seconds.
Native extension for WindowsStandalone target not found
Native extension for WebGL target not found
Refreshing native plugins compatible for Editor in 42.77 ms, found 3 plugins.
Preloading 0 native plugins for Editor in 0.00 ms.
Mono: successfully reloaded assembly
- Completed reload, in  1.806 seconds
Domain Reload Profiling:
	ReloadAssembly (1807ms)
		BeginReloadAssembly (56ms)
			ExecutionOrderSort (0ms)
			DisableScriptedObjects (0ms)
			BackupInstance (0ms)
			ReleaseScriptingObjects (0ms)
			CreateAndSetChildDomain (1ms)
		EndReloadAssembly (418ms)
			LoadAssemblies (54ms)
			RebuildTransferFunctionScriptingTraits (0ms)
			SetupTypeCache (139ms)
			ReleaseScriptCaches (0ms)
			RebuildScriptCaches (36ms)
			SetupLoadedEditorAssemblies (180ms)
				LogAssemblyErrors (0ms)
				InitializePlatformSupportModulesInManaged (5ms)
				SetLoadedEditorAssemblies (0ms)
				RefreshPlugins (43ms)
				BeforeProcessingInitializeOnLoad (13ms)
				ProcessInitializeOnLoadAttributes (89ms)
				ProcessInitializeOnLoadMethodAttributes (30ms)
				AfterProcessingInitializeOnLoad (0ms)
				EditorAssembliesLoaded (0ms)
			ExecutionOrderSort2 (0ms)
			AwakeInstancesAfterBackupRestoration (0ms)
Platform modules already initialized, skipping
Registering precompiled user dll's ...
Registered in 0.004173 seconds.
Begin MonoManager ReloadAssembly
Native extension for WindowsStandalone target not found
Native extension for WebGL target not found
Refreshing native plugins compatible for Editor in 42.54 ms, found 3 plugins.
Preloading 0 native plugins for Editor in 0.00 ms.
Mono: successfully reloaded assembly
- Completed reload, in  1.278 seconds
Domain Reload Profiling:
	ReloadAssembly (1279ms)
		BeginReloadAssembly (140ms)
			ExecutionOrderSort (0ms)
			DisableScriptedObjects (4ms)
			BackupInstance (0ms)
			ReleaseScriptingObjects (0ms)
			CreateAndSetChildDomain (17ms)
		EndReloadAssembly (1067ms)
			LoadAssemblies (86ms)
			RebuildTransferFunctionScriptingTraits (0ms)
			SetupTypeCache (323ms)
			ReleaseScriptCaches (0ms)
			RebuildScriptCaches (53ms)
			SetupLoadedEditorAssemblies (467ms)
				LogAssemblyErrors (0ms)
				InitializePlatformSupportModulesInManaged (5ms)
				SetLoadedEditorAssemblies (0ms)
				RefreshPlugins (43ms)
				BeforeProcessingInitializeOnLoad (77ms)
				ProcessInitializeOnLoadAttributes (321ms)
				ProcessInitializeOnLoadMethodAttributes (14ms)
				AfterProcessingInitializeOnLoad (7ms)
				EditorAssembliesLoaded (0ms)
			ExecutionOrderSort2 (0ms)
			AwakeInstancesAfterBackupRestoration (7ms)
Platform modules already initialized, skipping
========================================================================
Worker process is ready to serve import requests
Launched and connected shader compiler UnityShaderCompiler.exe after 0.16 seconds
Refreshing native plugins compatible for Editor in 0.51 ms, found 3 plugins.
Preloading 0 native plugins for Editor in 0.00 ms.
Unloading 2091 Unused Serialized files (Serialized files now loaded: 0)
System memory in use before: 93.1 MB.
System memory in use after: 93.1 MB.

Unloading 28 unused Assets to reduce memory usage. Loaded Objects now: 2528.
Total: 4.614200 ms (FindLiveObjects: 0.218800 ms CreateObjectMapping: 0.177000 ms MarkObjects: 4.116800 ms  DeleteObjects: 0.100200 ms)

AssetImportParameters requested are different than current active one (requested -> active):
  custom:framework-win-MediaFoundation: 216162199b28c13a410421893ffa2e32 -> 
  custom:video-decoder-ogg-theora: a1e56fd34408186e4bbccfd4996cb3dc -> 
  custom:container-muxer-webm: aa71ff27fc2769a1b78a27578f13a17b -> 
  custom:container-demuxer-webm: 4f35f7cbe854078d1ac9338744f61a02 -> 
  custom:container-demuxer-ogg: 62fdf1f143b41e24485cea50d1cbac27 -> 
  custom:video-encoder-webm-vp8: eb34c28f22e8b96e1ab97ce403110664 -> 
  custom:video-codec-MediaFoundation-h265: 746d11721c4dcdbdad8f713fa42b33f4 -> 
  custom:video-decoder-webm-vp8: 9c59270c3fd7afecdb556c50c9e8de78 -> 
  custom:audio-decoder-ogg-vorbis: bf7c407c2cedff20999df2af8eb42d56 -> 
  custom:audio-encoder-webm-vorbis: bf7c407c2cedff20999df2af8eb42d56 -> 
========================================================================
Received Import Request.
  path: Assets/Scenes
  artifactKey: Guid(81854e95eccd3cf4cb2bf9e21baefb87) Importer(815301076,1909f56bfc062723c751e8b465ee728b)
Start importing Assets/Scenes using Guid(81854e95eccd3cf4cb2bf9e21baefb87) Importer(815301076,1909f56bfc062723c751e8b465ee728b)  -> (artifact id: '120a12201e1c8ad2144a204e55298158') in 0.005532 seconds 
  Import took 0.009450 seconds .

========================================================================
Received Import Request.
  Time since last request: 0.771058 seconds.
  path: Assets/Scenes/SampleScene.unity
  artifactKey: Guid(2cda990e2423bbf4892e6590ba056729) Importer(815301076,1909f56bfc062723c751e8b465ee728b)
Start importing Assets/Scenes/SampleScene.unity using Guid(2cda990e2423bbf4892e6590ba056729) Importer(815301076,1909f56bfc062723c751e8b465ee728b)  -> (artifact id: 'aa27944bdea339c97c39027c7eea529c') in 0.011376 seconds 
  Import took 0.015188 seconds .

========================================================================
Received Prepare
Registering precompiled user dll's ...
Registered in 0.003871 seconds.
Begin MonoManager ReloadAssembly
Native extension for WindowsStandalone target not found
Native extension for WebGL target not found
Refreshing native plugins compatible for Editor in 0.52 ms, found 3 plugins.
Preloading 0 native plugins for Editor in 0.00 ms.
Mono: successfully reloaded assembly
- Completed reload, in  1.073 seconds
Domain Reload Profiling:
	ReloadAssembly (1073ms)
		BeginReloadAssembly (116ms)
			ExecutionOrderSort (0ms)
			DisableScriptedObjects (7ms)
			BackupInstance (0ms)
			ReleaseScriptingObjects (0ms)
			CreateAndSetChildDomain (35ms)
		EndReloadAssembly (897ms)
			LoadAssemblies (83ms)
			RebuildTransferFunctionScriptingTraits (0ms)
			SetupTypeCache (311ms)
			ReleaseScriptCaches (1ms)
			RebuildScriptCaches (44ms)
			SetupLoadedEditorAssemblies (354ms)
				LogAssemblyErrors (0ms)
				InitializePlatformSupportModulesInManaged (6ms)
				SetLoadedEditorAssemblies (0ms)
				RefreshPlugins (1ms)
				BeforeProcessingInitializeOnLoad (81ms)
				ProcessInitializeOnLoadAttributes (254ms)
				ProcessInitializeOnLoadMethodAttributes (5ms)
				AfterProcessingInitializeOnLoad (6ms)
				EditorAssembliesLoaded (0ms)
			ExecutionOrderSort2 (0ms)
			AwakeInstancesAfterBackupRestoration (10ms)
Platform modules already initialized, skipping
Refreshing native plugins compatible for Editor in 0.41 ms, found 3 plugins.
Preloading 0 native plugins for Editor in 0.00 ms.
Unloading 2081 Unused Serialized files (Serialized files now loaded: 0)
System memory in use before: 92.5 MB.
System memory in use after: 92.6 MB.

Unloading 16 unused Assets to reduce memory usage. Loaded Objects now: 2531.
Total: 3.329000 ms (FindLiveObjects: 0.182400 ms CreateObjectMapping: 0.059900 ms MarkObjects: 3.067900 ms  DeleteObjects: 0.017700 ms)

AssetImportParameters requested are different than current active one (requested -> active):
  custom:framework-win-MediaFoundation: 216162199b28c13a410421893ffa2e32 -> 
  custom:video-decoder-ogg-theora: a1e56fd34408186e4bbccfd4996cb3dc -> 
  custom:container-muxer-webm: aa71ff27fc2769a1b78a27578f13a17b -> 
  custom:container-demuxer-webm: 4f35f7cbe854078d1ac9338744f61a02 -> 
  custom:container-demuxer-ogg: 62fdf1f143b41e24485cea50d1cbac27 -> 
  custom:video-encoder-webm-vp8: eb34c28f22e8b96e1ab97ce403110664 -> 
  custom:video-codec-MediaFoundation-h265: 746d11721c4dcdbdad8f713fa42b33f4 -> 
  custom:video-decoder-webm-vp8: 9c59270c3fd7afecdb556c50c9e8de78 -> 
  custom:audio-decoder-ogg-vorbis: bf7c407c2cedff20999df2af8eb42d56 -> 
  custom:audio-encoder-webm-vorbis: bf7c407c2cedff20999df2af8eb42d56 -> 
========================================================================
Received Import Request.
  Time since last request: 497.583145 seconds.
  path: Assets
  artifactKey: Guid(00000000000000001000000000000000) Importer(815301076,1909f56bfc062723c751e8b465ee728b)
Start importing Assets using Guid(00000000000000001000000000000000) Importer(815301076,1909f56bfc062723c751e8b465ee728b)  -> (artifact id: '42d402b061de3733987d63b9cc3b64de') in 0.006641 seconds 
  Import took 0.010085 seconds .

========================================================================
Received Import Request.
  Time since last request: 12.048974 seconds.
  path: Assets/Images
  artifactKey: Guid(57d70a31a730e9c41b6c9e2e53cf6e76) Importer(815301076,1909f56bfc062723c751e8b465ee728b)
Start importing Assets/Images using Guid(57d70a31a730e9c41b6c9e2e53cf6e76) Importer(815301076,1909f56bfc062723c751e8b465ee728b)  -> (artifact id: 'f068f37e5998d625eb56b0c04f958a8e') in 0.004364 seconds 
  Import took 0.008257 seconds .

========================================================================
Received Import Request.
  Time since last request: 17.893375 seconds.
  path: Assets/Logos
  artifactKey: Guid(57d70a31a730e9c41b6c9e2e53cf6e76) Importer(815301076,1909f56bfc062723c751e8b465ee728b)
Start importing Assets/Logos using Guid(57d70a31a730e9c41b6c9e2e53cf6e76) Importer(815301076,1909f56bfc062723c751e8b465ee728b)  -> (artifact id: '014a6edfa509832c57e52909c29c5839') in 0.005911 seconds 
  Import took 0.009409 seconds .

========================================================================
Received Import Request.
  Time since last request: 13.359043 seconds.
  path: Assets/Logos/Adidas.png
  artifactKey: Guid(51b53ae12ad7c5a469febcbcf374b589) Importer(815301076,1909f56bfc062723c751e8b465ee728b)
Start importing Assets/Logos/Adidas.png using Guid(51b53ae12ad7c5a469febcbcf374b589) Importer(815301076,1909f56bfc062723c751e8b465ee728b)  -> (artifact id: '527aa7ac91a0b886374fe2a0118945bd') in 0.122861 seconds 
  Import took 0.126870 seconds .

========================================================================
Received Import Request.
  Time since last request: 0.000282 seconds.
  path: Assets/Logos/Disney.png
  artifactKey: Guid(b941880b4ad662546a76ef3b4b728f3f) Importer(815301076,1909f56bfc062723c751e8b465ee728b)
Start importing Assets/Logos/Disney.png using Guid(b941880b4ad662546a76ef3b4b728f3f) Importer(815301076,1909f56bfc062723c751e8b465ee728b)  -> (artifact id: 'c29d89b8df37151108feff0ed8d0a4b1') in 0.014967 seconds 
  Import took 0.018883 seconds .

========================================================================
Received Import Request.
  Time since last request: 0.000189 seconds.
  path: Assets/Logos/Walmart.png
  artifactKey: Guid(0fc2b50e36d35b040954fb8025dfc273) Importer(815301076,1909f56bfc062723c751e8b465ee728b)
Start importing Assets/Logos/Walmart.png using Guid(0fc2b50e36d35b040954fb8025dfc273) Importer(815301076,1909f56bfc062723c751e8b465ee728b)  -> (artifact id: '8c8ff2ffaeaa9a744cdff085fb1eff36') in 0.014733 seconds 
  Import took 0.018999 seconds .

========================================================================
Received Import Request.
  Time since last request: 0.000222 seconds.
  path: Assets/Logos/Pepsi.png
  artifactKey: Guid(fd6672c06d07c814193e4bdeb3e06013) Importer(815301076,1909f56bfc062723c751e8b465ee728b)
Start importing Assets/Logos/Pepsi.png using Guid(fd6672c06d07c814193e4bdeb3e06013) Importer(815301076,1909f56bfc062723c751e8b465ee728b)  -> (artifact id: 'f830d7bdb39c30390fc7622be691f024') in 0.034667 seconds 
  Import took 0.038560 seconds .

========================================================================
Received Import Request.
  Time since last request: 0.000179 seconds.
  path: Assets/Logos/Target.png
  artifactKey: Guid(f1d62cee57047134cbf73c290c038e34) Importer(815301076,1909f56bfc062723c751e8b465ee728b)
Start importing Assets/Logos/Target.png using Guid(f1d62cee57047134cbf73c290c038e34) Importer(815301076,1909f56bfc062723c751e8b465ee728b)  -> (artifact id: 'bb036c1b0624543c5fc089e3a4be2317') in 0.014453 seconds 
  Import took 0.017776 seconds .

========================================================================
Received Import Request.
  Time since last request: 0.000341 seconds.
  path: Assets/Logos/Tiktok.png
  artifactKey: Guid(11c827a5d5aeae34db408e1cf9ea4a2f) Importer(815301076,1909f56bfc062723c751e8b465ee728b)
Start importing Assets/Logos/Tiktok.png using Guid(11c827a5d5aeae34db408e1cf9ea4a2f) Importer(815301076,1909f56bfc062723c751e8b465ee728b)  -> (artifact id: '9005f43c3e97e977e5d808d4cecdb4d3') in 0.015976 seconds 
  Import took 0.020442 seconds .

========================================================================
Received Import Request.
  Time since last request: 0.000279 seconds.
  path: Assets/Logos/spotify.png
  artifactKey: Guid(5a9329461e97b984c9a4f629d81f3292) Importer(815301076,1909f56bfc062723c751e8b465ee728b)
Start importing Assets/Logos/spotify.png using Guid(5a9329461e97b984c9a4f629d81f3292) Importer(815301076,1909f56bfc062723c751e8b465ee728b)  -> (artifact id: '1439671aa40878615c8f25bcc563165f') in 0.012051 seconds 
  Import took 0.016248 seconds .

========================================================================
Received Import Request.
  Time since last request: 0.000262 seconds.
  path: Assets/Logos/Nike.png
  artifactKey: Guid(cb1151d0a7eaff54aa63d77ca539af6a) Importer(815301076,1909f56bfc062723c751e8b465ee728b)
Start importing Assets/Logos/Nike.png using Guid(cb1151d0a7eaff54aa63d77ca539af6a) Importer(815301076,1909f56bfc062723c751e8b465ee728b)  -> (artifact id: 'add75ad38405961333daff005b3160d5') in 0.016911 seconds 
  Import took 0.021115 seconds .

========================================================================
Received Import Request.
  Time since last request: 0.000287 seconds.
  path: Assets/Logos/Twitter.png
  artifactKey: Guid(faaa0666d2bfe5e49956f37ada70101b) Importer(815301076,1909f56bfc062723c751e8b465ee728b)
Start importing Assets/Logos/Twitter.png using Guid(faaa0666d2bfe5e49956f37ada70101b) Importer(815301076,1909f56bfc062723c751e8b465ee728b)  -> (artifact id: 'e808091986e3b13231b963b49d3ab5d6') in 0.014783 seconds 
  Import took 0.019018 seconds .

========================================================================
Received Import Request.
  Time since last request: 0.000216 seconds.
  path: Assets/Logos/Under_Armour.png
  artifactKey: Guid(6ed5782a9ab428145b5640ccae8d7321) Importer(815301076,1909f56bfc062723c751e8b465ee728b)
Start importing Assets/Logos/Under_Armour.png using Guid(6ed5782a9ab428145b5640ccae8d7321) Importer(815301076,1909f56bfc062723c751e8b465ee728b)  -> (artifact id: 'a3d64dee86620e6334c8111e10e8182e') in 0.016161 seconds 
  Import took 0.019217 seconds .

========================================================================
Received Import Request.
  Time since last request: 0.000199 seconds.
  path: Assets/Logos/Youtube.png
  artifactKey: Guid(d38adf2806c4d6f4e867960e693f71d5) Importer(815301076,1909f56bfc062723c751e8b465ee728b)
Start importing Assets/Logos/Youtube.png using Guid(d38adf2806c4d6f4e867960e693f71d5) Importer(815301076,1909f56bfc062723c751e8b465ee728b)  -> (artifact id: 'caca8c9230c83e5125ccd973ee9bc2df') in 0.013523 seconds 
  Import took 0.017703 seconds .

========================================================================
Received Import Request.
  Time since last request: 0.000217 seconds.
  path: Assets/Logos/Lays.png
  artifactKey: Guid(ecf3f6b94d294d844bc466954d4a38d2) Importer(815301076,1909f56bfc062723c751e8b465ee728b)
Start importing Assets/Logos/Lays.png using Guid(ecf3f6b94d294d844bc466954d4a38d2) Importer(815301076,1909f56bfc062723c751e8b465ee728b)  -> (artifact id: '2ccbfb17b0348a288b0122ad2ed53d7e') in 0.015217 seconds 
  Import took 0.019294 seconds .

========================================================================
Received Import Request.
  Time since last request: 0.000232 seconds.
  path: Assets/Logos/Starbucks.png
  artifactKey: Guid(84d8d68f549ed9949b388f2f6e1e6e2a) Importer(815301076,1909f56bfc062723c751e8b465ee728b)
Start importing Assets/Logos/Starbucks.png using Guid(84d8d68f549ed9949b388f2f6e1e6e2a) Importer(815301076,1909f56bfc062723c751e8b465ee728b)  -> (artifact id: '47562de27c41c092f42e17d6f4b3998a') in 0.020929 seconds 
  Import took 0.024643 seconds .

========================================================================
Received Import Request.
  Time since last request: 0.000213 seconds.
  path: Assets/Logos/Shell.png
  artifactKey: Guid(88ec1cd3bb6cb894c84de21bfe4e99a7) Importer(815301076,1909f56bfc062723c751e8b465ee728b)
Start importing Assets/Logos/Shell.png using Guid(88ec1cd3bb6cb894c84de21bfe4e99a7) Importer(815301076,1909f56bfc062723c751e8b465ee728b)  -> (artifact id: '633d02a0303e784df6f4051d6612705d') in 0.016428 seconds 
  Import took 0.021090 seconds .

========================================================================
Received Import Request.
  Time since last request: 0.000202 seconds.
  path: Assets/Logos/Microsoft.png
  artifactKey: Guid(b7891e3be6861de4baafa0c2de56d505) Importer(815301076,1909f56bfc062723c751e8b465ee728b)
Start importing Assets/Logos/Microsoft.png using Guid(b7891e3be6861de4baafa0c2de56d505) Importer(815301076,1909f56bfc062723c751e8b465ee728b)  -> (artifact id: '6ac56a4cde42855d94065d13cd1d07cd') in 0.012239 seconds 
  Import took 0.016299 seconds .

========================================================================
Received Import Request.
  Time since last request: 0.000330 seconds.
  path: Assets/Logos/Amazon.png
  artifactKey: Guid(7eae101967891a64f8ede99b77440bf2) Importer(815301076,1909f56bfc062723c751e8b465ee728b)
Start importing Assets/Logos/Amazon.png using Guid(7eae101967891a64f8ede99b77440bf2) Importer(815301076,1909f56bfc062723c751e8b465ee728b)  -> (artifact id: '879feb06ef686882b29dda8b8f836e2a') in 0.014090 seconds 
  Import took 0.018440 seconds .

========================================================================
Received Import Request.
  Time since last request: 0.000275 seconds.
  path: Assets/Logos/Apple.png
  artifactKey: Guid(20d53862d49cbcd47bec6eb61054a58c) Importer(815301076,1909f56bfc062723c751e8b465ee728b)
Start importing Assets/Logos/Apple.png using Guid(20d53862d49cbcd47bec6eb61054a58c) Importer(815301076,1909f56bfc062723c751e8b465ee728b)  -> (artifact id: 'da96fa329ed58b4cadd7246a08dbd010') in 0.015654 seconds 
  Import took 0.019800 seconds .

========================================================================
Received Import Request.
  Time since last request: 0.000264 seconds.
  path: Assets/Logos/Google.jpg
  artifactKey: Guid(6d6eb1486a722f6449439fdbce499885) Importer(815301076,1909f56bfc062723c751e8b465ee728b)
Start importing Assets/Logos/Google.jpg using Guid(6d6eb1486a722f6449439fdbce499885) Importer(815301076,1909f56bfc062723c751e8b465ee728b)  -> (artifact id: '0e1c6dd689e8db672cb43f5c490fc2a9') in 0.016126 seconds 
  Import took 0.020825 seconds .

========================================================================
Received Import Request.
  Time since last request: 0.000263 seconds.
  path: Assets/Logos/Apple.png
  artifactKey: Guid(20d53862d49cbcd47bec6eb61054a58c) Importer(815301076,1909f56bfc062723c751e8b465ee728b)
Start importing Assets/Logos/Apple.png using Guid(20d53862d49cbcd47bec6eb61054a58c) Importer(815301076,1909f56bfc062723c751e8b465ee728b)  -> (artifact id: 'da96fa329ed58b4cadd7246a08dbd010') in 0.011680 seconds 
  Import took 0.016074 seconds .

========================================================================
Received Import Request.
  Time since last request: 0.000205 seconds.
  path: Assets/Logos/Ford.png
  artifactKey: Guid(eb95aef1b1674c74c98501cc73a239e7) Importer(815301076,1909f56bfc062723c751e8b465ee728b)
Start importing Assets/Logos/Ford.png using Guid(eb95aef1b1674c74c98501cc73a239e7) Importer(815301076,1909f56bfc062723c751e8b465ee728b)  -> (artifact id: 'd08d6ba4358b987a6717ca7e7c31699a') in 0.017617 seconds 
  Import took 0.021684 seconds .

========================================================================
Received Import Request.
  Time since last request: 0.000209 seconds.
  path: Assets/Logos/netflix.png
  artifactKey: Guid(01731bca87c236a48899c1dd22b433df) Importer(815301076,1909f56bfc062723c751e8b465ee728b)
Start importing Assets/Logos/netflix.png using Guid(01731bca87c236a48899c1dd22b433df) Importer(815301076,1909f56bfc062723c751e8b465ee728b)  -> (artifact id: 'e71e8f65eb3b1597dfc066651eeb521a') in 0.014158 seconds 
  Import took 0.018152 seconds .

========================================================================
Received Import Request.
  Time since last request: 0.000238 seconds.
  path: Assets/Logos/Mcdonald's.png
  artifactKey: Guid(764c8c18de98188409d37b91f2a8f8ca) Importer(815301076,1909f56bfc062723c751e8b465ee728b)
Start importing Assets/Logos/Mcdonald's.png using Guid(764c8c18de98188409d37b91f2a8f8ca) Importer(815301076,1909f56bfc062723c751e8b465ee728b)  -> (artifact id: 'c9adf30610b475fabaa4ee5824dfaadc') in 0.033191 seconds 
  Import took 0.037993 seconds .

========================================================================
Received Import Request.
  Time since last request: 0.000294 seconds.
  path: Assets/Logos/Instagram.png
  artifactKey: Guid(98ca50b9c400590448ab3dd8b40f6f96) Importer(815301076,1909f56bfc062723c751e8b465ee728b)
Start importing Assets/Logos/Instagram.png using Guid(98ca50b9c400590448ab3dd8b40f6f96) Importer(815301076,1909f56bfc062723c751e8b465ee728b)  -> (artifact id: 'ebbefdf762d5af7760722c9615ee36ae') in 0.014256 seconds 
  Import took 0.018391 seconds .

========================================================================
Received Import Request.
  Time since last request: 0.000243 seconds.
  path: Assets/Logos/PlayStation.png
  artifactKey: Guid(e91384f2f674c1a4798a37f32bd00b65) Importer(815301076,1909f56bfc062723c751e8b465ee728b)
Start importing Assets/Logos/PlayStation.png using Guid(e91384f2f674c1a4798a37f32bd00b65) Importer(815301076,1909f56bfc062723c751e8b465ee728b)  -> (artifact id: 'd0b872fda092ae138a32e9426db8b57f') in 0.020430 seconds 
  Import took 0.024389 seconds .

========================================================================
Received Import Request.
  Time since last request: 0.000213 seconds.
  path: Assets/Logos/Minecraft.png
  artifactKey: Guid(50227791580a9bd4fa629e57af42e290) Importer(815301076,1909f56bfc062723c751e8b465ee728b)
Start importing Assets/Logos/Minecraft.png using Guid(50227791580a9bd4fa629e57af42e290) Importer(815301076,1909f56bfc062723c751e8b465ee728b)  -> (artifact id: 'df5bbb564d81eb0c40701380b34d6e70') in 0.015757 seconds 
  Import took 0.019369 seconds .

========================================================================
Received Import Request.
  Time since last request: 0.000202 seconds.
  path: Assets/Logos/Coca-Cola.png
  artifactKey: Guid(a856b941da268ff46ab2b9e94faa119a) Importer(815301076,1909f56bfc062723c751e8b465ee728b)
Start importing Assets/Logos/Coca-Cola.png using Guid(a856b941da268ff46ab2b9e94faa119a) Importer(815301076,1909f56bfc062723c751e8b465ee728b)  -> (artifact id: '37c277623777a7a45d40788d99fad73c') in 0.016515 seconds 
  Import took 0.021261 seconds .

========================================================================
Received Import Request.
  Time since last request: 0.000247 seconds.
  path: Assets/Logos/Mercedes-Benz.png
  artifactKey: Guid(a4b495bad507a974381b1d550c05bbbb) Importer(815301076,1909f56bfc062723c751e8b465ee728b)
Start importing Assets/Logos/Mercedes-Benz.png using Guid(a4b495bad507a974381b1d550c05bbbb) Importer(815301076,1909f56bfc062723c751e8b465ee728b)  -> (artifact id: 'bdff591d781c35423e2b397b9cd8a1d9') in 0.014280 seconds 
  Import took 0.018810 seconds .

========================================================================
Received Import Request.
  Time since last request: 0.000213 seconds.
  path: Assets/Logos/Toyota.png
  artifactKey: Guid(112ea0e68283c5d4a9db9d74a6ee62c8) Importer(815301076,1909f56bfc062723c751e8b465ee728b)
Start importing Assets/Logos/Toyota.png using Guid(112ea0e68283c5d4a9db9d74a6ee62c8) Importer(815301076,1909f56bfc062723c751e8b465ee728b)  -> (artifact id: 'ff0c1f2bfd69ae428712b76f244f5176') in 0.014555 seconds 
  Import took 0.018863 seconds .

========================================================================
Received Import Request.
  Time since last request: 0.000295 seconds.
  path: Assets/Logos/Facebook.png
  artifactKey: Guid(efb89dbc52052764ca63c58fa72a146c) Importer(815301076,1909f56bfc062723c751e8b465ee728b)
Start importing Assets/Logos/Facebook.png using Guid(efb89dbc52052764ca63c58fa72a146c) Importer(815301076,1909f56bfc062723c751e8b465ee728b)  -> (artifact id: '9e56e0d6f4a7ea1142c9e11ba3f724e3') in 0.014237 seconds 
  Import took 0.017811 seconds .

========================================================================
Received Prepare
Registering precompiled user dll's ...
Registered in 0.003787 seconds.
Begin MonoManager ReloadAssembly
Native extension for WindowsStandalone target not found
Native extension for WebGL target not found
Refreshing native plugins compatible for Editor in 0.50 ms, found 3 plugins.
Preloading 0 native plugins for Editor in 0.00 ms.
Mono: successfully reloaded assembly
- Completed reload, in  1.246 seconds
Domain Reload Profiling:
	ReloadAssembly (1246ms)
		BeginReloadAssembly (129ms)
			ExecutionOrderSort (0ms)
			DisableScriptedObjects (6ms)
			BackupInstance (0ms)
			ReleaseScriptingObjects (0ms)
			CreateAndSetChildDomain (39ms)
		EndReloadAssembly (1053ms)
			LoadAssemblies (90ms)
			RebuildTransferFunctionScriptingTraits (0ms)
			SetupTypeCache (309ms)
			ReleaseScriptCaches (1ms)
			RebuildScriptCaches (53ms)
			SetupLoadedEditorAssemblies (462ms)
				LogAssemblyErrors (0ms)
				InitializePlatformSupportModulesInManaged (7ms)
				SetLoadedEditorAssemblies (1ms)
				RefreshPlugins (1ms)
				BeforeProcessingInitializeOnLoad (115ms)
				ProcessInitializeOnLoadAttributes (323ms)
				ProcessInitializeOnLoadMethodAttributes (6ms)
				AfterProcessingInitializeOnLoad (9ms)
				EditorAssembliesLoaded (0ms)
			ExecutionOrderSort2 (0ms)
			AwakeInstancesAfterBackupRestoration (13ms)
Platform modules already initialized, skipping
Refreshing native plugins compatible for Editor in 0.49 ms, found 3 plugins.
Preloading 0 native plugins for Editor in 0.00 ms.
Unloading 2094 Unused Serialized files (Serialized files now loaded: 0)
System memory in use before: 97.7 MB.
System memory in use after: 97.2 MB.

Unloading 29 unused Assets to reduce memory usage. Loaded Objects now: 2582.
Total: 4.316500 ms (FindLiveObjects: 0.337500 ms CreateObjectMapping: 0.165500 ms MarkObjects: 3.459800 ms  DeleteObjects: 0.352100 ms)

AssetImportParameters requested are different than current active one (requested -> active):
  custom:framework-win-MediaFoundation: 216162199b28c13a410421893ffa2e32 -> 
  custom:video-decoder-ogg-theora: a1e56fd34408186e4bbccfd4996cb3dc -> 
  custom:container-muxer-webm: aa71ff27fc2769a1b78a27578f13a17b -> 
  custom:container-demuxer-webm: 4f35f7cbe854078d1ac9338744f61a02 -> 
  custom:container-demuxer-ogg: 62fdf1f143b41e24485cea50d1cbac27 -> 
  custom:video-encoder-webm-vp8: eb34c28f22e8b96e1ab97ce403110664 -> 
  custom:video-codec-MediaFoundation-h265: 746d11721c4dcdbdad8f713fa42b33f4 -> 
  custom:video-decoder-webm-vp8: 9c59270c3fd7afecdb556c50c9e8de78 -> 
  custom:audio-decoder-ogg-vorbis: bf7c407c2cedff20999df2af8eb42d56 -> 
  custom:audio-encoder-webm-vorbis: bf7c407c2cedff20999df2af8eb42d56 -> 
========================================================================
Received Prepare
Registering precompiled user dll's ...
Registered in 0.003729 seconds.
Begin MonoManager ReloadAssembly
Native extension for WindowsStandalone target not found
Native extension for WebGL target not found
Refreshing native plugins compatible for Editor in 0.50 ms, found 3 plugins.
Preloading 0 native plugins for Editor in 0.00 ms.
Mono: successfully reloaded assembly
- Completed reload, in  1.088 seconds
Domain Reload Profiling:
	ReloadAssembly (1088ms)
		BeginReloadAssembly (111ms)
			ExecutionOrderSort (0ms)
			DisableScriptedObjects (6ms)
			BackupInstance (0ms)
			ReleaseScriptingObjects (0ms)
			CreateAndSetChildDomain (33ms)
		EndReloadAssembly (909ms)
			LoadAssemblies (90ms)
			RebuildTransferFunctionScriptingTraits (0ms)
			SetupTypeCache (269ms)
			ReleaseScriptCaches (1ms)
			RebuildScriptCaches (47ms)
			SetupLoadedEditorAssemblies (395ms)
				LogAssemblyErrors (0ms)
				InitializePlatformSupportModulesInManaged (7ms)
				SetLoadedEditorAssemblies (1ms)
				RefreshPlugins (1ms)
				BeforeProcessingInitializeOnLoad (100ms)
				ProcessInitializeOnLoadAttributes (275ms)
				ProcessInitializeOnLoadMethodAttributes (5ms)
				AfterProcessingInitializeOnLoad (7ms)
				EditorAssembliesLoaded (0ms)
			ExecutionOrderSort2 (0ms)
			AwakeInstancesAfterBackupRestoration (10ms)
Platform modules already initialized, skipping
Refreshing native plugins compatible for Editor in 0.44 ms, found 3 plugins.
Preloading 0 native plugins for Editor in 0.00 ms.
Unloading 2094 Unused Serialized files (Serialized files now loaded: 0)
System memory in use before: 97.7 MB.
System memory in use after: 97.2 MB.

Unloading 29 unused Assets to reduce memory usage. Loaded Objects now: 2585.
Total: 3.596400 ms (FindLiveObjects: 0.198500 ms CreateObjectMapping: 0.062500 ms MarkObjects: 3.022400 ms  DeleteObjects: 0.311900 ms)

AssetImportParameters requested are different than current active one (requested -> active):
  custom:framework-win-MediaFoundation: 216162199b28c13a410421893ffa2e32 -> 
  custom:video-decoder-ogg-theora: a1e56fd34408186e4bbccfd4996cb3dc -> 
  custom:container-muxer-webm: aa71ff27fc2769a1b78a27578f13a17b -> 
  custom:container-demuxer-webm: 4f35f7cbe854078d1ac9338744f61a02 -> 
  custom:container-demuxer-ogg: 62fdf1f143b41e24485cea50d1cbac27 -> 
  custom:video-encoder-webm-vp8: eb34c28f22e8b96e1ab97ce403110664 -> 
  custom:video-codec-MediaFoundation-h265: 746d11721c4dcdbdad8f713fa42b33f4 -> 
  custom:video-decoder-webm-vp8: 9c59270c3fd7afecdb556c50c9e8de78 -> 
  custom:audio-decoder-ogg-vorbis: bf7c407c2cedff20999df2af8eb42d56 -> 
  custom:audio-encoder-webm-vorbis: bf7c407c2cedff20999df2af8eb42d56 -> 
========================================================================
Received Prepare
Registering precompiled user dll's ...
Registered in 0.003597 seconds.
Begin MonoManager ReloadAssembly
Native extension for WindowsStandalone target not found
Native extension for WebGL target not found
Refreshing native plugins compatible for Editor in 0.44 ms, found 3 plugins.
Preloading 0 native plugins for Editor in 0.00 ms.
Mono: successfully reloaded assembly
- Completed reload, in  1.063 seconds
Domain Reload Profiling:
	ReloadAssembly (1063ms)
		BeginReloadAssembly (102ms)
			ExecutionOrderSort (0ms)
			DisableScriptedObjects (6ms)
			BackupInstance (0ms)
			ReleaseScriptingObjects (0ms)
			CreateAndSetChildDomain (33ms)
		EndReloadAssembly (900ms)
			LoadAssemblies (80ms)
			RebuildTransferFunctionScriptingTraits (0ms)
			SetupTypeCache (281ms)
			ReleaseScriptCaches (1ms)
			RebuildScriptCaches (41ms)
			SetupLoadedEditorAssemblies (388ms)
				LogAssemblyErrors (0ms)
				InitializePlatformSupportModulesInManaged (6ms)
				SetLoadedEditorAssemblies (0ms)
				RefreshPlugins (0ms)
				BeforeProcessingInitializeOnLoad (93ms)
				ProcessInitializeOnLoadAttributes (276ms)
				ProcessInitializeOnLoadMethodAttributes (7ms)
				AfterProcessingInitializeOnLoad (6ms)
				EditorAssembliesLoaded (0ms)
			ExecutionOrderSort2 (0ms)
			AwakeInstancesAfterBackupRestoration (10ms)
Platform modules already initialized, skipping
Refreshing native plugins compatible for Editor in 0.49 ms, found 3 plugins.
Preloading 0 native plugins for Editor in 0.00 ms.
Unloading 2094 Unused Serialized files (Serialized files now loaded: 0)
System memory in use before: 97.8 MB.
System memory in use after: 97.2 MB.

Unloading 29 unused Assets to reduce memory usage. Loaded Objects now: 2588.
Total: 3.865600 ms (FindLiveObjects: 0.214300 ms CreateObjectMapping: 0.096900 ms MarkObjects: 3.223700 ms  DeleteObjects: 0.329600 ms)

AssetImportParameters requested are different than current active one (requested -> active):
  custom:framework-win-MediaFoundation: 216162199b28c13a410421893ffa2e32 -> 
  custom:video-decoder-ogg-theora: a1e56fd34408186e4bbccfd4996cb3dc -> 
  custom:container-muxer-webm: aa71ff27fc2769a1b78a27578f13a17b -> 
  custom:container-demuxer-webm: 4f35f7cbe854078d1ac9338744f61a02 -> 
  custom:container-demuxer-ogg: 62fdf1f143b41e24485cea50d1cbac27 -> 
  custom:video-encoder-webm-vp8: eb34c28f22e8b96e1ab97ce403110664 -> 
  custom:video-codec-MediaFoundation-h265: 746d11721c4dcdbdad8f713fa42b33f4 -> 
  custom:video-decoder-webm-vp8: 9c59270c3fd7afecdb556c50c9e8de78 -> 
  custom:audio-decoder-ogg-vorbis: bf7c407c2cedff20999df2af8eb42d56 -> 
  custom:audio-encoder-webm-vorbis: bf7c407c2cedff20999df2af8eb42d56 -> 
========================================================================
Received Prepare
Registering precompiled user dll's ...
Registered in 0.003505 seconds.
Begin MonoManager ReloadAssembly
Native extension for WindowsStandalone target not found
Native extension for WebGL target not found
Refreshing native plugins compatible for Editor in 0.51 ms, found 3 plugins.
Preloading 0 native plugins for Editor in 0.00 ms.
Mono: successfully reloaded assembly
- Completed reload, in  1.125 seconds
Domain Reload Profiling:
	ReloadAssembly (1125ms)
		BeginReloadAssembly (110ms)
			ExecutionOrderSort (0ms)
			DisableScriptedObjects (7ms)
			BackupInstance (0ms)
			ReleaseScriptingObjects (0ms)
			CreateAndSetChildDomain (37ms)
		EndReloadAssembly (949ms)
			LoadAssemblies (82ms)
			RebuildTransferFunctionScriptingTraits (0ms)
			SetupTypeCache (305ms)
			ReleaseScriptCaches (1ms)
			RebuildScriptCaches (42ms)
			SetupLoadedEditorAssemblies (394ms)
				LogAssemblyErrors (0ms)
				InitializePlatformSupportModulesInManaged (7ms)
				SetLoadedEditorAssemblies (1ms)
				RefreshPlugins (1ms)
				BeforeProcessingInitializeOnLoad (104ms)
				ProcessInitializeOnLoadAttributes (270ms)
				ProcessInitializeOnLoadMethodAttributes (6ms)
				AfterProcessingInitializeOnLoad (7ms)
				EditorAssembliesLoaded (0ms)
			ExecutionOrderSort2 (0ms)
			AwakeInstancesAfterBackupRestoration (10ms)
Platform modules already initialized, skipping
Refreshing native plugins compatible for Editor in 0.43 ms, found 3 plugins.
Preloading 0 native plugins for Editor in 0.00 ms.
Unloading 2094 Unused Serialized files (Serialized files now loaded: 0)
System memory in use before: 97.8 MB.
System memory in use after: 97.2 MB.

Unloading 29 unused Assets to reduce memory usage. Loaded Objects now: 2591.
Total: 3.721400 ms (FindLiveObjects: 0.280400 ms CreateObjectMapping: 0.086800 ms MarkObjects: 3.036600 ms  DeleteObjects: 0.316500 ms)

AssetImportParameters requested are different than current active one (requested -> active):
  custom:framework-win-MediaFoundation: 216162199b28c13a410421893ffa2e32 -> 
  custom:video-decoder-ogg-theora: a1e56fd34408186e4bbccfd4996cb3dc -> 
  custom:container-muxer-webm: aa71ff27fc2769a1b78a27578f13a17b -> 
  custom:container-demuxer-webm: 4f35f7cbe854078d1ac9338744f61a02 -> 
  custom:container-demuxer-ogg: 62fdf1f143b41e24485cea50d1cbac27 -> 
  custom:video-encoder-webm-vp8: eb34c28f22e8b96e1ab97ce403110664 -> 
  custom:video-codec-MediaFoundation-h265: 746d11721c4dcdbdad8f713fa42b33f4 -> 
  custom:video-decoder-webm-vp8: 9c59270c3fd7afecdb556c50c9e8de78 -> 
  custom:audio-decoder-ogg-vorbis: bf7c407c2cedff20999df2af8eb42d56 -> 
  custom:audio-encoder-webm-vorbis: bf7c407c2cedff20999df2af8eb42d56 -> 
========================================================================
Received Prepare
Registering precompiled user dll's ...
Registered in 0.003697 seconds.
Begin MonoManager ReloadAssembly
Native extension for WindowsStandalone target not found
Native extension for WebGL target not found
Refreshing native plugins compatible for Editor in 0.43 ms, found 3 plugins.
Preloading 0 native plugins for Editor in 0.00 ms.
Mono: successfully reloaded assembly
- Completed reload, in  1.073 seconds
Domain Reload Profiling:
	ReloadAssembly (1073ms)
		BeginReloadAssembly (102ms)
			ExecutionOrderSort (0ms)
			DisableScriptedObjects (6ms)
			BackupInstance (0ms)
			ReleaseScriptingObjects (0ms)
			CreateAndSetChildDomain (33ms)
		EndReloadAssembly (912ms)
			LoadAssemblies (82ms)
			RebuildTransferFunctionScriptingTraits (0ms)
			SetupTypeCache (265ms)
			ReleaseScriptCaches (1ms)
			RebuildScriptCaches (55ms)
			SetupLoadedEditorAssemblies (385ms)
				LogAssemblyErrors (0ms)
				InitializePlatformSupportModulesInManaged (6ms)
				SetLoadedEditorAssemblies (0ms)
				RefreshPlugins (0ms)
				BeforeProcessingInitializeOnLoad (94ms)
				ProcessInitializeOnLoadAttributes (271ms)
				ProcessInitializeOnLoadMethodAttributes (6ms)
				AfterProcessingInitializeOnLoad (6ms)
				EditorAssembliesLoaded (0ms)
			ExecutionOrderSort2 (0ms)
			AwakeInstancesAfterBackupRestoration (14ms)
Platform modules already initialized, skipping
Refreshing native plugins compatible for Editor in 0.43 ms, found 3 plugins.
Preloading 0 native plugins for Editor in 0.00 ms.
Unloading 2094 Unused Serialized files (Serialized files now loaded: 0)
System memory in use before: 97.8 MB.
System memory in use after: 97.2 MB.

Unloading 29 unused Assets to reduce memory usage. Loaded Objects now: 2594.
Total: 3.573900 ms (FindLiveObjects: 0.189700 ms CreateObjectMapping: 0.057300 ms MarkObjects: 2.982000 ms  DeleteObjects: 0.343700 ms)

AssetImportParameters requested are different than current active one (requested -> active):
  custom:framework-win-MediaFoundation: 216162199b28c13a410421893ffa2e32 -> 
  custom:video-decoder-ogg-theora: a1e56fd34408186e4bbccfd4996cb3dc -> 
  custom:container-muxer-webm: aa71ff27fc2769a1b78a27578f13a17b -> 
  custom:container-demuxer-webm: 4f35f7cbe854078d1ac9338744f61a02 -> 
  custom:container-demuxer-ogg: 62fdf1f143b41e24485cea50d1cbac27 -> 
  custom:video-encoder-webm-vp8: eb34c28f22e8b96e1ab97ce403110664 -> 
  custom:video-codec-MediaFoundation-h265: 746d11721c4dcdbdad8f713fa42b33f4 -> 
  custom:video-decoder-webm-vp8: 9c59270c3fd7afecdb556c50c9e8de78 -> 
  custom:audio-decoder-ogg-vorbis: bf7c407c2cedff20999df2af8eb42d56 -> 
  custom:audio-encoder-webm-vorbis: bf7c407c2cedff20999df2af8eb42d56 -> 
========================================================================
Received Prepare
Registering precompiled user dll's ...
Registered in 0.003407 seconds.
Begin MonoManager ReloadAssembly
Native extension for WindowsStandalone target not found
Native extension for WebGL target not found
Refreshing native plugins compatible for Editor in 0.43 ms, found 3 plugins.
Preloading 0 native plugins for Editor in 0.00 ms.
Mono: successfully reloaded assembly
- Completed reload, in  1.067 seconds
Domain Reload Profiling:
	ReloadAssembly (1068ms)
		BeginReloadAssembly (118ms)
			ExecutionOrderSort (0ms)
			DisableScriptedObjects (5ms)
			BackupInstance (0ms)
			ReleaseScriptingObjects (0ms)
			CreateAndSetChildDomain (33ms)
		EndReloadAssembly (888ms)
			LoadAssemblies (87ms)
			RebuildTransferFunctionScriptingTraits (0ms)
			SetupTypeCache (272ms)
			ReleaseScriptCaches (1ms)
			RebuildScriptCaches (42ms)
			SetupLoadedEditorAssemblies (374ms)
				LogAssemblyErrors (0ms)
				InitializePlatformSupportModulesInManaged (6ms)
				SetLoadedEditorAssemblies (0ms)
				RefreshPlugins (0ms)
				BeforeProcessingInitializeOnLoad (93ms)
				ProcessInitializeOnLoadAttributes (263ms)
				ProcessInitializeOnLoadMethodAttributes (5ms)
				AfterProcessingInitializeOnLoad (6ms)
				EditorAssembliesLoaded (0ms)
			ExecutionOrderSort2 (0ms)
			AwakeInstancesAfterBackupRestoration (11ms)
Platform modules already initialized, skipping
Refreshing native plugins compatible for Editor in 0.79 ms, found 3 plugins.
Preloading 0 native plugins for Editor in 0.00 ms.
Unloading 2094 Unused Serialized files (Serialized files now loaded: 0)
System memory in use before: 97.8 MB.
System memory in use after: 97.3 MB.

Unloading 29 unused Assets to reduce memory usage. Loaded Objects now: 2597.
Total: 3.435300 ms (FindLiveObjects: 0.175500 ms CreateObjectMapping: 0.072600 ms MarkObjects: 2.870600 ms  DeleteObjects: 0.315400 ms)

AssetImportParameters requested are different than current active one (requested -> active):
  custom:framework-win-MediaFoundation: 216162199b28c13a410421893ffa2e32 -> 
  custom:video-decoder-ogg-theora: a1e56fd34408186e4bbccfd4996cb3dc -> 
  custom:container-muxer-webm: aa71ff27fc2769a1b78a27578f13a17b -> 
  custom:container-demuxer-webm: 4f35f7cbe854078d1ac9338744f61a02 -> 
  custom:container-demuxer-ogg: 62fdf1f143b41e24485cea50d1cbac27 -> 
  custom:video-encoder-webm-vp8: eb34c28f22e8b96e1ab97ce403110664 -> 
  custom:video-codec-MediaFoundation-h265: 746d11721c4dcdbdad8f713fa42b33f4 -> 
  custom:video-decoder-webm-vp8: 9c59270c3fd7afecdb556c50c9e8de78 -> 
  custom:audio-decoder-ogg-vorbis: bf7c407c2cedff20999df2af8eb42d56 -> 
  custom:audio-encoder-webm-vorbis: bf7c407c2cedff20999df2af8eb42d56 -> 
========================================================================
Received Prepare
Registering precompiled user dll's ...
Registered in 0.003727 seconds.
Begin MonoManager ReloadAssembly
Native extension for WindowsStandalone target not found
Native extension for WebGL target not found
Refreshing native plugins compatible for Editor in 0.87 ms, found 3 plugins.
Preloading 0 native plugins for Editor in 0.00 ms.
Mono: successfully reloaded assembly
- Completed reload, in  1.410 seconds
Domain Reload Profiling:
	ReloadAssembly (1410ms)
		BeginReloadAssembly (129ms)
			ExecutionOrderSort (0ms)
			DisableScriptedObjects (7ms)
			BackupInstance (0ms)
			ReleaseScriptingObjects (0ms)
			CreateAndSetChildDomain (38ms)
		EndReloadAssembly (1209ms)
			LoadAssemblies (110ms)
			RebuildTransferFunctionScriptingTraits (0ms)
			SetupTypeCache (352ms)
			ReleaseScriptCaches (1ms)
			RebuildScriptCaches (53ms)
			SetupLoadedEditorAssemblies (491ms)
				LogAssemblyErrors (0ms)
				InitializePlatformSupportModulesInManaged (7ms)
				SetLoadedEditorAssemblies (1ms)
				RefreshPlugins (1ms)
				BeforeProcessingInitializeOnLoad (123ms)
				ProcessInitializeOnLoadAttributes (345ms)
				ProcessInitializeOnLoadMethodAttributes (7ms)
				AfterProcessingInitializeOnLoad (8ms)
				EditorAssembliesLoaded (0ms)
			ExecutionOrderSort2 (0ms)
			AwakeInstancesAfterBackupRestoration (15ms)
Platform modules already initialized, skipping
Switching build target platform(19) subTarget(0) extendedPlatform(0) -> platform(13) subTarget(537395200) extendedPlatform(0)
Refreshing native plugins compatible for Editor in 0.53 ms, found 3 plugins.
Preloading 0 native plugins for Editor in 0.00 ms.
Unloading 2098 Unused Serialized files (Serialized files now loaded: 0)
System memory in use before: 97.8 MB.
System memory in use after: 97.3 MB.

Unloading 29 unused Assets to reduce memory usage. Loaded Objects now: 2600.
Total: 4.621700 ms (FindLiveObjects: 0.235800 ms CreateObjectMapping: 0.088700 ms MarkObjects: 3.775900 ms  DeleteObjects: 0.519700 ms)

AssetImportParameters requested are different than current active one (requested -> active):
  custom:framework-win-MediaFoundation: 216162199b28c13a410421893ffa2e32 -> 
  custom:video-decoder-ogg-theora: a1e56fd34408186e4bbccfd4996cb3dc -> 
  custom:container-muxer-webm: aa71ff27fc2769a1b78a27578f13a17b -> 
  custom:container-demuxer-webm: 4f35f7cbe854078d1ac9338744f61a02 -> 
  custom:container-demuxer-ogg: 62fdf1f143b41e24485cea50d1cbac27 -> 
  custom:video-encoder-webm-vp8: eb34c28f22e8b96e1ab97ce403110664 -> 
  custom:video-codec-MediaFoundation-h265: 746d11721c4dcdbdad8f713fa42b33f4 -> 
  custom:video-decoder-webm-vp8: 9c59270c3fd7afecdb556c50c9e8de78 -> 
  custom:graphics/normal-map-encoding: 01000000000000000000000000000000 -> 02000000000000000000000000000000
  custom:audio-decoder-ogg-vorbis: bf7c407c2cedff20999df2af8eb42d56 -> 
  custom:audio-encoder-webm-vorbis: bf7c407c2cedff20999df2af8eb42d56 -> 
========================================================================
Received Prepare
Refreshing native plugins compatible for Editor in 5.60 ms, found 3 plugins.
Preloading 0 native plugins for Editor in 0.00 ms.
Unloading 27 Unused Serialized files (Serialized files now loaded: 0)
System memory in use before: 56.9 MB.
System memory in use after: 56.4 MB.

Unloading 27 unused Assets to reduce memory usage. Loaded Objects now: 2600.
Total: 4.275600 ms (FindLiveObjects: 0.293300 ms CreateObjectMapping: 0.094300 ms MarkObjects: 3.492800 ms  DeleteObjects: 0.394200 ms)

AssetImportParameters requested are different than current active one (requested -> active):
  custom:framework-win-MediaFoundation: 216162199b28c13a410421893ffa2e32 -> 
  custom:video-decoder-ogg-theora: a1e56fd34408186e4bbccfd4996cb3dc -> 
  custom:container-muxer-webm: aa71ff27fc2769a1b78a27578f13a17b -> 
  custom:container-demuxer-webm: 4f35f7cbe854078d1ac9338744f61a02 -> 
  custom:container-demuxer-ogg: 62fdf1f143b41e24485cea50d1cbac27 -> 
  custom:video-encoder-webm-vp8: eb34c28f22e8b96e1ab97ce403110664 -> 
  custom:video-codec-MediaFoundation-h265: 746d11721c4dcdbdad8f713fa42b33f4 -> 
  custom:video-decoder-webm-vp8: 9c59270c3fd7afecdb556c50c9e8de78 -> 
  custom:audio-decoder-ogg-vorbis: bf7c407c2cedff20999df2af8eb42d56 -> 
  custom:audio-encoder-webm-vorbis: bf7c407c2cedff20999df2af8eb42d56 -> 
========================================================================
Received Import Request.
  Time since last request: 943.039646 seconds.
  path: Assets/Logos/Disney.png
  artifactKey: Guid(b941880b4ad662546a76ef3b4b728f3f) Importer(815301076,1909f56bfc062723c751e8b465ee728b)
Start importing Assets/Logos/Disney.png using Guid(b941880b4ad662546a76ef3b4b728f3f) Importer(815301076,1909f56bfc062723c751e8b465ee728b)  -> (artifact id: 'c6deeffed648b4ca9e112bb1bec37bc5') in 0.056641 seconds 
  Import took 0.060652 seconds .

========================================================================
Received Import Request.
  Time since last request: 0.000264 seconds.
  path: Assets/Logos/Walmart.png
  artifactKey: Guid(0fc2b50e36d35b040954fb8025dfc273) Importer(815301076,1909f56bfc062723c751e8b465ee728b)
Start importing Assets/Logos/Walmart.png using Guid(0fc2b50e36d35b040954fb8025dfc273) Importer(815301076,1909f56bfc062723c751e8b465ee728b)  -> (artifact id: '12c5ea02f215061b8091fd5ab99baf34') in 0.012257 seconds 
  Import took 0.016049 seconds .

========================================================================
Received Import Request.
  Time since last request: 0.000222 seconds.
  path: Assets/Logos/Pepsi.png
  artifactKey: Guid(fd6672c06d07c814193e4bdeb3e06013) Importer(815301076,1909f56bfc062723c751e8b465ee728b)
Start importing Assets/Logos/Pepsi.png using Guid(fd6672c06d07c814193e4bdeb3e06013) Importer(815301076,1909f56bfc062723c751e8b465ee728b)  -> (artifact id: 'e7e8b56cd01da0dcd7fd7997dcd9e6d6') in 0.051592 seconds 
  Import took 0.056085 seconds .

========================================================================
Received Import Request.
  Time since last request: 0.000285 seconds.
  path: Assets/Logos/Target.png
  artifactKey: Guid(f1d62cee57047134cbf73c290c038e34) Importer(815301076,1909f56bfc062723c751e8b465ee728b)
Start importing Assets/Logos/Target.png using Guid(f1d62cee57047134cbf73c290c038e34) Importer(815301076,1909f56bfc062723c751e8b465ee728b)  -> (artifact id: '2d8bf6cb0c8490a2b228f043a8bd035f') in 0.015726 seconds 
  Import took 0.021265 seconds .

========================================================================
Received Import Request.
  Time since last request: 0.000241 seconds.
  path: Assets/Logos/Tiktok.png
  artifactKey: Guid(11c827a5d5aeae34db408e1cf9ea4a2f) Importer(815301076,1909f56bfc062723c751e8b465ee728b)
Start importing Assets/Logos/Tiktok.png using Guid(11c827a5d5aeae34db408e1cf9ea4a2f) Importer(815301076,1909f56bfc062723c751e8b465ee728b)  -> (artifact id: 'df92a078ff94d862efd1a18fb1c1e346') in 0.017567 seconds 
  Import took 0.022305 seconds .

========================================================================
Received Import Request.
  Time since last request: 0.000255 seconds.
  path: Assets/Logos/spotify.png
  artifactKey: Guid(5a9329461e97b984c9a4f629d81f3292) Importer(815301076,1909f56bfc062723c751e8b465ee728b)
Start importing Assets/Logos/spotify.png using Guid(5a9329461e97b984c9a4f629d81f3292) Importer(815301076,1909f56bfc062723c751e8b465ee728b)  -> (artifact id: '205c5b159fcd39846b63aff1b4efa035') in 0.015978 seconds 
  Import took 0.021499 seconds .

========================================================================
Received Import Request.
  Time since last request: 0.000228 seconds.
  path: Assets/Logos/Nike.png
  artifactKey: Guid(cb1151d0a7eaff54aa63d77ca539af6a) Importer(815301076,1909f56bfc062723c751e8b465ee728b)
Start importing Assets/Logos/Nike.png using Guid(cb1151d0a7eaff54aa63d77ca539af6a) Importer(815301076,1909f56bfc062723c751e8b465ee728b)  -> (artifact id: 'd8281e430485576f06ed5896c691306f') in 0.016462 seconds 
  Import took 0.022899 seconds .

========================================================================
Received Import Request.
  Time since last request: 0.000283 seconds.
  path: Assets/Logos/Twitter.png
  artifactKey: Guid(faaa0666d2bfe5e49956f37ada70101b) Importer(815301076,1909f56bfc062723c751e8b465ee728b)
Start importing Assets/Logos/Twitter.png using Guid(faaa0666d2bfe5e49956f37ada70101b) Importer(815301076,1909f56bfc062723c751e8b465ee728b)  -> (artifact id: 'f42bf41dbbeb6879bd974757d9cb62a6') in 0.078040 seconds 
  Import took 0.083397 seconds .

========================================================================
Received Import Request.
  Time since last request: 0.000490 seconds.
  path: Assets/Logos/Under_Armour.png
  artifactKey: Guid(6ed5782a9ab428145b5640ccae8d7321) Importer(815301076,1909f56bfc062723c751e8b465ee728b)
Start importing Assets/Logos/Under_Armour.png using Guid(6ed5782a9ab428145b5640ccae8d7321) Importer(815301076,1909f56bfc062723c751e8b465ee728b)  -> (artifact id: 'ea8d1507e2b08cbecb9302695e49d6e9') in 0.017111 seconds 
  Import took 0.023385 seconds .

========================================================================
Received Import Request.
  Time since last request: 0.000221 seconds.
  path: Assets/Logos/Youtube.png
  artifactKey: Guid(d38adf2806c4d6f4e867960e693f71d5) Importer(815301076,1909f56bfc062723c751e8b465ee728b)
Start importing Assets/Logos/Youtube.png using Guid(d38adf2806c4d6f4e867960e693f71d5) Importer(815301076,1909f56bfc062723c751e8b465ee728b)  -> (artifact id: '75884a7390c6784e2b72e5c2bf6d6a0f') in 0.055234 seconds 
  Import took 0.060637 seconds .

========================================================================
Received Import Request.
  Time since last request: 0.000253 seconds.
  path: Assets/Logos/Lays.png
  artifactKey: Guid(ecf3f6b94d294d844bc466954d4a38d2) Importer(815301076,1909f56bfc062723c751e8b465ee728b)
Start importing Assets/Logos/Lays.png using Guid(ecf3f6b94d294d844bc466954d4a38d2) Importer(815301076,1909f56bfc062723c751e8b465ee728b)  -> (artifact id: '666020d09a5ce20350af902dfe2a7c60') in 0.014763 seconds 
  Import took 0.019177 seconds .

========================================================================
Received Import Request.
  Time since last request: 0.000272 seconds.
  path: Assets/Logos/Starbucks.png
  artifactKey: Guid(84d8d68f549ed9949b388f2f6e1e6e2a) Importer(815301076,1909f56bfc062723c751e8b465ee728b)
Start importing Assets/Logos/Starbucks.png using Guid(84d8d68f549ed9949b388f2f6e1e6e2a) Importer(815301076,1909f56bfc062723c751e8b465ee728b)  -> (artifact id: 'e263af0cfde0e7f7a1220656a046b352') in 0.021604 seconds 
  Import took 0.025649 seconds .

========================================================================
Received Import Request.
  Time since last request: 0.000217 seconds.
  path: Assets/Logos/Shell.png
  artifactKey: Guid(88ec1cd3bb6cb894c84de21bfe4e99a7) Importer(815301076,1909f56bfc062723c751e8b465ee728b)
Start importing Assets/Logos/Shell.png using Guid(88ec1cd3bb6cb894c84de21bfe4e99a7) Importer(815301076,1909f56bfc062723c751e8b465ee728b)  -> (artifact id: 'fc6643faed938b82d3064d5f021e64a8') in 0.035461 seconds 
  Import took 0.039769 seconds .

========================================================================
Received Import Request.
  Time since last request: 0.000238 seconds.
  path: Assets/Logos/Microsoft.png
  artifactKey: Guid(b7891e3be6861de4baafa0c2de56d505) Importer(815301076,1909f56bfc062723c751e8b465ee728b)
Start importing Assets/Logos/Microsoft.png using Guid(b7891e3be6861de4baafa0c2de56d505) Importer(815301076,1909f56bfc062723c751e8b465ee728b)  -> (artifact id: '65c2d348afc41be677b2b824a6eacb16') in 0.028911 seconds 
  Import took 0.033436 seconds .

========================================================================
Received Import Request.
  Time since last request: 0.000446 seconds.
  path: Assets/Logos/Amazon.png
  artifactKey: Guid(7eae101967891a64f8ede99b77440bf2) Importer(815301076,1909f56bfc062723c751e8b465ee728b)
Start importing Assets/Logos/Amazon.png using Guid(7eae101967891a64f8ede99b77440bf2) Importer(815301076,1909f56bfc062723c751e8b465ee728b)  -> (artifact id: 'dff0e010f46329f8c5fc88132f619747') in 0.015014 seconds 
  Import took 0.020161 seconds .

========================================================================
Received Import Request.
  Time since last request: 0.000294 seconds.
  path: Assets/Logos/Apple.png
  artifactKey: Guid(20d53862d49cbcd47bec6eb61054a58c) Importer(815301076,1909f56bfc062723c751e8b465ee728b)
Start importing Assets/Logos/Apple.png using Guid(20d53862d49cbcd47bec6eb61054a58c) Importer(815301076,1909f56bfc062723c751e8b465ee728b)  -> (artifact id: 'e355722a7c999366bd9c0521837255f9') in 0.063873 seconds 
  Import took 0.068009 seconds .

========================================================================
Received Import Request.
  Time since last request: 0.000235 seconds.
  path: Assets/Logos/Google.jpg
  artifactKey: Guid(6d6eb1486a722f6449439fdbce499885) Importer(815301076,1909f56bfc062723c751e8b465ee728b)
Start importing Assets/Logos/Google.jpg using Guid(6d6eb1486a722f6449439fdbce499885) Importer(815301076,1909f56bfc062723c751e8b465ee728b)  -> (artifact id: 'a5a67bb89205496b4450272f62d1d9ee') in 0.016306 seconds 
  Import took 0.020355 seconds .

========================================================================
Received Import Request.
  Time since last request: 0.000232 seconds.
  path: Assets/Logos/Ford.png
  artifactKey: Guid(eb95aef1b1674c74c98501cc73a239e7) Importer(815301076,1909f56bfc062723c751e8b465ee728b)
Start importing Assets/Logos/Ford.png using Guid(eb95aef1b1674c74c98501cc73a239e7) Importer(815301076,1909f56bfc062723c751e8b465ee728b)  -> (artifact id: 'bdd107664e985012bb0328a723bbe9b5') in 0.019494 seconds 
  Import took 0.023880 seconds .

========================================================================
Received Import Request.
  Time since last request: 0.000379 seconds.
  path: Assets/Logos/netflix.png
  artifactKey: Guid(01731bca87c236a48899c1dd22b433df) Importer(815301076,1909f56bfc062723c751e8b465ee728b)
Start importing Assets/Logos/netflix.png using Guid(01731bca87c236a48899c1dd22b433df) Importer(815301076,1909f56bfc062723c751e8b465ee728b)  -> (artifact id: 'd3a2df52ae296a71a01becaf984cdd2f') in 0.013169 seconds 
  Import took 0.017647 seconds .

========================================================================
Received Import Request.
  Time since last request: 0.000345 seconds.
  path: Assets/Logos/Mcdonald's.png
  artifactKey: Guid(764c8c18de98188409d37b91f2a8f8ca) Importer(815301076,1909f56bfc062723c751e8b465ee728b)
Start importing Assets/Logos/Mcdonald's.png using Guid(764c8c18de98188409d37b91f2a8f8ca) Importer(815301076,1909f56bfc062723c751e8b465ee728b)  -> (artifact id: 'ffe4d632de4b6cffa3b400eeb2ab3837') in 0.032627 seconds 
  Import took 0.037964 seconds .

========================================================================
Received Import Request.
  Time since last request: 0.000238 seconds.
  path: Assets/Logos/Instagram.png
  artifactKey: Guid(98ca50b9c400590448ab3dd8b40f6f96) Importer(815301076,1909f56bfc062723c751e8b465ee728b)
Start importing Assets/Logos/Instagram.png using Guid(98ca50b9c400590448ab3dd8b40f6f96) Importer(815301076,1909f56bfc062723c751e8b465ee728b)  -> (artifact id: 'f6c7fb41a798b538977be55236bb2179') in 0.024816 seconds 
  Import took 0.028832 seconds .

========================================================================
Received Import Request.
  Time since last request: 0.000226 seconds.
  path: Assets/Logos/Adidas.png
  artifactKey: Guid(51b53ae12ad7c5a469febcbcf374b589) Importer(815301076,1909f56bfc062723c751e8b465ee728b)
Start importing Assets/Logos/Adidas.png using Guid(51b53ae12ad7c5a469febcbcf374b589) Importer(815301076,1909f56bfc062723c751e8b465ee728b)  -> (artifact id: 'e9d380efce8593aa64074534753c0f68') in 0.014800 seconds 
  Import took 0.021125 seconds .

========================================================================
Received Import Request.
  Time since last request: 0.000218 seconds.
  path: Assets/Logos/PlayStation.png
  artifactKey: Guid(e91384f2f674c1a4798a37f32bd00b65) Importer(815301076,1909f56bfc062723c751e8b465ee728b)
Start importing Assets/Logos/PlayStation.png using Guid(e91384f2f674c1a4798a37f32bd00b65) Importer(815301076,1909f56bfc062723c751e8b465ee728b)  -> (artifact id: '5e93f0b5c92f190d3ce4143ffc6919d6') in 0.021916 seconds 
  Import took 0.027680 seconds .

========================================================================
Received Import Request.
  Time since last request: 0.000209 seconds.
  path: Assets/Logos/Minecraft.png
  artifactKey: Guid(50227791580a9bd4fa629e57af42e290) Importer(815301076,1909f56bfc062723c751e8b465ee728b)
Start importing Assets/Logos/Minecraft.png using Guid(50227791580a9bd4fa629e57af42e290) Importer(815301076,1909f56bfc062723c751e8b465ee728b)  -> (artifact id: '0dc8ab608275790b30caf929969c0d74') in 0.015558 seconds 
  Import took 0.019645 seconds .

========================================================================
Received Import Request.
  Time since last request: 0.000215 seconds.
  path: Assets/Logos/Coca-Cola.png
  artifactKey: Guid(a856b941da268ff46ab2b9e94faa119a) Importer(815301076,1909f56bfc062723c751e8b465ee728b)
Start importing Assets/Logos/Coca-Cola.png using Guid(a856b941da268ff46ab2b9e94faa119a) Importer(815301076,1909f56bfc062723c751e8b465ee728b)  -> (artifact id: '48a78c909274b7987c4fdeb099072a02') in 0.021031 seconds 
  Import took 0.026708 seconds .

========================================================================
Received Import Request.
  Time since last request: 0.000258 seconds.
  path: Assets/Logos/Mercedes-Benz.png
  artifactKey: Guid(a4b495bad507a974381b1d550c05bbbb) Importer(815301076,1909f56bfc062723c751e8b465ee728b)
Start importing Assets/Logos/Mercedes-Benz.png using Guid(a4b495bad507a974381b1d550c05bbbb) Importer(815301076,1909f56bfc062723c751e8b465ee728b)  -> (artifact id: '4d5239476727fc9c617441b9acac5362') in 0.030881 seconds 
  Import took 0.036863 seconds .

========================================================================
Received Import Request.
  Time since last request: 0.000263 seconds.
  path: Assets/Logos/Toyota.png
  artifactKey: Guid(112ea0e68283c5d4a9db9d74a6ee62c8) Importer(815301076,1909f56bfc062723c751e8b465ee728b)
Start importing Assets/Logos/Toyota.png using Guid(112ea0e68283c5d4a9db9d74a6ee62c8) Importer(815301076,1909f56bfc062723c751e8b465ee728b)  -> (artifact id: 'aaf81b0c29b957fb548d7f66a1709c3f') in 0.015255 seconds 
  Import took 0.019299 seconds .

========================================================================
Received Import Request.
  Time since last request: 0.000371 seconds.
  path: Assets/Logos/Facebook.png
  artifactKey: Guid(efb89dbc52052764ca63c58fa72a146c) Importer(815301076,1909f56bfc062723c751e8b465ee728b)
Start importing Assets/Logos/Facebook.png using Guid(efb89dbc52052764ca63c58fa72a146c) Importer(815301076,1909f56bfc062723c751e8b465ee728b)  -> (artifact id: 'd7154e1b1cb259d7bdd8e83751087cd6') in 0.080876 seconds 
  Import took 0.084822 seconds .

========================================================================
Received Prepare
Registering precompiled user dll's ...
Registered in 0.003664 seconds.
Begin MonoManager ReloadAssembly
Native extension for WindowsStandalone target not found
Native extension for WebGL target not found
Refreshing native plugins compatible for Editor in 0.43 ms, found 3 plugins.
Preloading 0 native plugins for Editor in 0.00 ms.
Mono: successfully reloaded assembly
- Completed reload, in  1.088 seconds
Domain Reload Profiling:
	ReloadAssembly (1088ms)
		BeginReloadAssembly (112ms)
			ExecutionOrderSort (0ms)
			DisableScriptedObjects (6ms)
			BackupInstance (0ms)
			ReleaseScriptingObjects (0ms)
			CreateAndSetChildDomain (33ms)
		EndReloadAssembly (913ms)
			LoadAssemblies (82ms)
			RebuildTransferFunctionScriptingTraits (0ms)
			SetupTypeCache (276ms)
			ReleaseScriptCaches (1ms)
			RebuildScriptCaches (42ms)
			SetupLoadedEditorAssemblies (358ms)
				LogAssemblyErrors (0ms)
				InitializePlatformSupportModulesInManaged (5ms)
				SetLoadedEditorAssemblies (0ms)
				RefreshPlugins (0ms)
				BeforeProcessingInitializeOnLoad (79ms)
				ProcessInitializeOnLoadAttributes (262ms)
				ProcessInitializeOnLoadMethodAttributes (5ms)
				AfterProcessingInitializeOnLoad (6ms)
				EditorAssembliesLoaded (0ms)
			ExecutionOrderSort2 (0ms)
			AwakeInstancesAfterBackupRestoration (11ms)
Platform modules already initialized, skipping
Switching build target platform(19) subTarget(0) extendedPlatform(0) -> platform(13) subTarget(537395200) extendedPlatform(0)
Refreshing native plugins compatible for Editor in 0.44 ms, found 3 plugins.
Preloading 0 native plugins for Editor in 0.00 ms.
Unloading 2098 Unused Serialized files (Serialized files now loaded: 0)
System memory in use before: 97.8 MB.
System memory in use after: 97.3 MB.

Unloading 29 unused Assets to reduce memory usage. Loaded Objects now: 2604.
Total: 3.483600 ms (FindLiveObjects: 0.200400 ms CreateObjectMapping: 0.084600 ms MarkObjects: 2.875000 ms  DeleteObjects: 0.322400 ms)

AssetImportParameters requested are different than current active one (requested -> active):
  custom:framework-win-MediaFoundation: 216162199b28c13a410421893ffa2e32 -> 
  custom:video-decoder-ogg-theora: a1e56fd34408186e4bbccfd4996cb3dc -> 
  custom:container-muxer-webm: aa71ff27fc2769a1b78a27578f13a17b -> 
  custom:container-demuxer-webm: 4f35f7cbe854078d1ac9338744f61a02 -> 
  custom:container-demuxer-ogg: 62fdf1f143b41e24485cea50d1cbac27 -> 
  custom:video-encoder-webm-vp8: eb34c28f22e8b96e1ab97ce403110664 -> 
  custom:video-codec-MediaFoundation-h265: 746d11721c4dcdbdad8f713fa42b33f4 -> 
  custom:video-decoder-webm-vp8: 9c59270c3fd7afecdb556c50c9e8de78 -> 
  custom:graphics/normal-map-encoding: 01000000000000000000000000000000 -> 02000000000000000000000000000000
  custom:audio-decoder-ogg-vorbis: bf7c407c2cedff20999df2af8eb42d56 -> 
  custom:audio-encoder-webm-vorbis: bf7c407c2cedff20999df2af8eb42d56 -> 
========================================================================
Received Import Request.
  Time since last request: 124.210566 seconds.
  path: Assets/Scripts
  artifactKey: Guid(66de3ff33df5f664792650b219f20fc5) Importer(815301076,1909f56bfc062723c751e8b465ee728b)
Start importing Assets/Scripts using Guid(66de3ff33df5f664792650b219f20fc5) Importer(815301076,1909f56bfc062723c751e8b465ee728b)  -> (artifact id: '495fba3e5851b6b78a302610381e8c26') in 0.006436 seconds 
  Import took 0.011168 seconds .

========================================================================
Received Import Request.
  Time since last request: 20.312652 seconds.
  path: Assets/Scripts/InputHandler.cs
  artifactKey: Guid(9abadb4ff3db51b40bd46b31d65d3379) Importer(815301076,1909f56bfc062723c751e8b465ee728b)
Start importing Assets/Scripts/InputHandler.cs using Guid(9abadb4ff3db51b40bd46b31d65d3379) Importer(815301076,1909f56bfc062723c751e8b465ee728b)  -> (artifact id: 'f08f71cdee672d6963b5ba1b8e3cd982') in 0.006464 seconds 
  Import took 0.010715 seconds .

========================================================================
Received Prepare
Registering precompiled user dll's ...
Registered in 0.003520 seconds.
Begin MonoManager ReloadAssembly
Native extension for WindowsStandalone target not found
Native extension for WebGL target not found
Refreshing native plugins compatible for Editor in 0.76 ms, found 3 plugins.
Preloading 0 native plugins for Editor in 0.00 ms.
Mono: successfully reloaded assembly
- Completed reload, in  1.214 seconds
Domain Reload Profiling:
	ReloadAssembly (1215ms)
		BeginReloadAssembly (126ms)
			ExecutionOrderSort (0ms)
			DisableScriptedObjects (6ms)
			BackupInstance (0ms)
			ReleaseScriptingObjects (0ms)
			CreateAndSetChildDomain (34ms)
		EndReloadAssembly (1016ms)
			LoadAssemblies (94ms)
			RebuildTransferFunctionScriptingTraits (0ms)
			SetupTypeCache (288ms)
			ReleaseScriptCaches (1ms)
			RebuildScriptCaches (47ms)
			SetupLoadedEditorAssemblies (405ms)
				LogAssemblyErrors (0ms)
				InitializePlatformSupportModulesInManaged (6ms)
				SetLoadedEditorAssemblies (1ms)
				RefreshPlugins (1ms)
				BeforeProcessingInitializeOnLoad (103ms)
				ProcessInitializeOnLoadAttributes (282ms)
				ProcessInitializeOnLoadMethodAttributes (5ms)
				AfterProcessingInitializeOnLoad (7ms)
				EditorAssembliesLoaded (0ms)
			ExecutionOrderSort2 (0ms)
			AwakeInstancesAfterBackupRestoration (12ms)
Platform modules already initialized, skipping
Switching build target platform(19) subTarget(0) extendedPlatform(0) -> platform(13) subTarget(537395200) extendedPlatform(0)
Refreshing native plugins compatible for Editor in 0.93 ms, found 3 plugins.
Preloading 0 native plugins for Editor in 0.00 ms.
Unloading 2099 Unused Serialized files (Serialized files now loaded: 0)
System memory in use before: 97.9 MB.
System memory in use after: 97.3 MB.

Unloading 29 unused Assets to reduce memory usage. Loaded Objects now: 2608.
Total: 5.948900 ms (FindLiveObjects: 0.378900 ms CreateObjectMapping: 0.301000 ms MarkObjects: 4.742000 ms  DeleteObjects: 0.525000 ms)

AssetImportParameters requested are different than current active one (requested -> active):
  custom:framework-win-MediaFoundation: 216162199b28c13a410421893ffa2e32 -> 
  custom:video-decoder-ogg-theora: a1e56fd34408186e4bbccfd4996cb3dc -> 
  custom:container-muxer-webm: aa71ff27fc2769a1b78a27578f13a17b -> 
  custom:container-demuxer-webm: 4f35f7cbe854078d1ac9338744f61a02 -> 
  custom:container-demuxer-ogg: 62fdf1f143b41e24485cea50d1cbac27 -> 
  custom:video-encoder-webm-vp8: eb34c28f22e8b96e1ab97ce403110664 -> 
  custom:video-codec-MediaFoundation-h265: 746d11721c4dcdbdad8f713fa42b33f4 -> 
  custom:video-decoder-webm-vp8: 9c59270c3fd7afecdb556c50c9e8de78 -> 
  custom:graphics/normal-map-encoding: 01000000000000000000000000000000 -> 02000000000000000000000000000000
  custom:audio-decoder-ogg-vorbis: bf7c407c2cedff20999df2af8eb42d56 -> 
  custom:audio-encoder-webm-vorbis: bf7c407c2cedff20999df2af8eb42d56 -> 
========================================================================
Received Prepare
Registering precompiled user dll's ...
Registered in 0.003709 seconds.
Begin MonoManager ReloadAssembly
Native extension for WindowsStandalone target not found
Native extension for WebGL target not found
Refreshing native plugins compatible for Editor in 0.48 ms, found 3 plugins.
Preloading 0 native plugins for Editor in 0.00 ms.
Mono: successfully reloaded assembly
- Completed reload, in  1.226 seconds
Domain Reload Profiling:
	ReloadAssembly (1227ms)
		BeginReloadAssembly (110ms)
			ExecutionOrderSort (0ms)
			DisableScriptedObjects (6ms)
			BackupInstance (0ms)
			ReleaseScriptingObjects (0ms)
			CreateAndSetChildDomain (32ms)
		EndReloadAssembly (1039ms)
			LoadAssemblies (99ms)
			RebuildTransferFunctionScriptingTraits (0ms)
			SetupTypeCache (306ms)
			ReleaseScriptCaches (1ms)
			RebuildScriptCaches (41ms)
			SetupLoadedEditorAssemblies (399ms)
				LogAssemblyErrors (0ms)
				InitializePlatformSupportModulesInManaged (6ms)
				SetLoadedEditorAssemblies (0ms)
				RefreshPlugins (1ms)
				BeforeProcessingInitializeOnLoad (92ms)
				ProcessInitializeOnLoadAttributes (288ms)
				ProcessInitializeOnLoadMethodAttributes (5ms)
				AfterProcessingInitializeOnLoad (7ms)
				EditorAssembliesLoaded (0ms)
			ExecutionOrderSort2 (0ms)
			AwakeInstancesAfterBackupRestoration (10ms)
Platform modules already initialized, skipping
Switching build target platform(19) subTarget(0) extendedPlatform(0) -> platform(13) subTarget(537395200) extendedPlatform(0)
Refreshing native plugins compatible for Editor in 0.42 ms, found 3 plugins.
Preloading 0 native plugins for Editor in 0.00 ms.
Unloading 2099 Unused Serialized files (Serialized files now loaded: 0)
System memory in use before: 97.9 MB.
System memory in use after: 97.3 MB.

Unloading 29 unused Assets to reduce memory usage. Loaded Objects now: 2611.
Total: 3.484700 ms (FindLiveObjects: 0.179000 ms CreateObjectMapping: 0.078800 ms MarkObjects: 2.851700 ms  DeleteObjects: 0.374100 ms)

AssetImportParameters requested are different than current active one (requested -> active):
  custom:framework-win-MediaFoundation: 216162199b28c13a410421893ffa2e32 -> 
  custom:video-decoder-ogg-theora: a1e56fd34408186e4bbccfd4996cb3dc -> 
  custom:container-muxer-webm: aa71ff27fc2769a1b78a27578f13a17b -> 
  custom:container-demuxer-webm: 4f35f7cbe854078d1ac9338744f61a02 -> 
  custom:container-demuxer-ogg: 62fdf1f143b41e24485cea50d1cbac27 -> 
  custom:video-encoder-webm-vp8: eb34c28f22e8b96e1ab97ce403110664 -> 
  custom:video-codec-MediaFoundation-h265: 746d11721c4dcdbdad8f713fa42b33f4 -> 
  custom:video-decoder-webm-vp8: 9c59270c3fd7afecdb556c50c9e8de78 -> 
  custom:graphics/normal-map-encoding: 01000000000000000000000000000000 -> 02000000000000000000000000000000
  custom:audio-decoder-ogg-vorbis: bf7c407c2cedff20999df2af8eb42d56 -> 
  custom:audio-encoder-webm-vorbis: bf7c407c2cedff20999df2af8eb42d56 -> 
========================================================================
Received Import Request.
  Time since last request: 68.782909 seconds.
  path: Assets/Scripts/InputHandler.cs
  artifactKey: Guid(9abadb4ff3db51b40bd46b31d65d3379) Importer(815301076,1909f56bfc062723c751e8b465ee728b)
Start importing Assets/Scripts/InputHandler.cs using Guid(9abadb4ff3db51b40bd46b31d65d3379) Importer(815301076,1909f56bfc062723c751e8b465ee728b)  -> (artifact id: 'f4337ba664023fe757b9c352eca2c92b') in 0.004057 seconds 
  Import took 0.007123 seconds .

========================================================================
Received Prepare
Registering precompiled user dll's ...
Registered in 0.004934 seconds.
Begin MonoManager ReloadAssembly
Native extension for WindowsStandalone target not found
Native extension for WebGL target not found
Refreshing native plugins compatible for Editor in 0.43 ms, found 3 plugins.
Preloading 0 native plugins for Editor in 0.00 ms.
Mono: successfully reloaded assembly
- Completed reload, in  1.271 seconds
Domain Reload Profiling:
	ReloadAssembly (1271ms)
		BeginReloadAssembly (117ms)
			ExecutionOrderSort (0ms)
			DisableScriptedObjects (7ms)
			BackupInstance (0ms)
			ReleaseScriptingObjects (0ms)
			CreateAndSetChildDomain (38ms)
		EndReloadAssembly (1080ms)
			LoadAssemblies (97ms)
			RebuildTransferFunctionScriptingTraits (0ms)
			SetupTypeCache (329ms)
			ReleaseScriptCaches (1ms)
			RebuildScriptCaches (53ms)
			SetupLoadedEditorAssemblies (378ms)
				LogAssemblyErrors (0ms)
				InitializePlatformSupportModulesInManaged (7ms)
				SetLoadedEditorAssemblies (0ms)
				RefreshPlugins (0ms)
				BeforeProcessingInitializeOnLoad (90ms)
				ProcessInitializeOnLoadAttributes (267ms)
				ProcessInitializeOnLoadMethodAttributes (5ms)
				AfterProcessingInitializeOnLoad (7ms)
				EditorAssembliesLoaded (0ms)
			ExecutionOrderSort2 (0ms)
			AwakeInstancesAfterBackupRestoration (12ms)
Platform modules already initialized, skipping
Switching build target platform(19) subTarget(0) extendedPlatform(0) -> platform(13) subTarget(537395200) extendedPlatform(0)
Refreshing native plugins compatible for Editor in 0.44 ms, found 3 plugins.
Preloading 0 native plugins for Editor in 0.00 ms.
Unloading 2099 Unused Serialized files (Serialized files now loaded: 0)
System memory in use before: 97.9 MB.
System memory in use after: 97.3 MB.

Unloading 29 unused Assets to reduce memory usage. Loaded Objects now: 2614.
Total: 3.557000 ms (FindLiveObjects: 0.202800 ms CreateObjectMapping: 0.088900 ms MarkObjects: 2.912200 ms  DeleteObjects: 0.352000 ms)

AssetImportParameters requested are different than current active one (requested -> active):
  custom:framework-win-MediaFoundation: 216162199b28c13a410421893ffa2e32 -> 
  custom:video-decoder-ogg-theora: a1e56fd34408186e4bbccfd4996cb3dc -> 
  custom:container-muxer-webm: aa71ff27fc2769a1b78a27578f13a17b -> 
  custom:container-demuxer-webm: 4f35f7cbe854078d1ac9338744f61a02 -> 
  custom:container-demuxer-ogg: 62fdf1f143b41e24485cea50d1cbac27 -> 
  custom:video-encoder-webm-vp8: eb34c28f22e8b96e1ab97ce403110664 -> 
  custom:video-codec-MediaFoundation-h265: 746d11721c4dcdbdad8f713fa42b33f4 -> 
  custom:video-decoder-webm-vp8: 9c59270c3fd7afecdb556c50c9e8de78 -> 
  custom:graphics/normal-map-encoding: 01000000000000000000000000000000 -> 02000000000000000000000000000000
  custom:audio-decoder-ogg-vorbis: bf7c407c2cedff20999df2af8eb42d56 -> 
  custom:audio-encoder-webm-vorbis: bf7c407c2cedff20999df2af8eb42d56 -> 
========================================================================
Received Prepare
Registering precompiled user dll's ...
Registered in 0.003641 seconds.
Begin MonoManager ReloadAssembly
Native extension for WindowsStandalone target not found
Native extension for WebGL target not found
Refreshing native plugins compatible for Editor in 0.46 ms, found 3 plugins.
Preloading 0 native plugins for Editor in 0.00 ms.
Mono: successfully reloaded assembly
- Completed reload, in  1.288 seconds
Domain Reload Profiling:
	ReloadAssembly (1288ms)
		BeginReloadAssembly (114ms)
			ExecutionOrderSort (0ms)
			DisableScriptedObjects (6ms)
			BackupInstance (0ms)
			ReleaseScriptingObjects (0ms)
			CreateAndSetChildDomain (33ms)
		EndReloadAssembly (1104ms)
			LoadAssemblies (80ms)
			RebuildTransferFunctionScriptingTraits (0ms)
			SetupTypeCache (334ms)
			ReleaseScriptCaches (1ms)
			RebuildScriptCaches (52ms)
			SetupLoadedEditorAssemblies (409ms)
				LogAssemblyErrors (0ms)
				InitializePlatformSupportModulesInManaged (7ms)
				SetLoadedEditorAssemblies (0ms)
				RefreshPlugins (1ms)
				BeforeProcessingInitializeOnLoad (84ms)
				ProcessInitializeOnLoadAttributes (304ms)
				ProcessInitializeOnLoadMethodAttributes (5ms)
				AfterProcessingInitializeOnLoad (7ms)
				EditorAssembliesLoaded (0ms)
			ExecutionOrderSort2 (0ms)
			AwakeInstancesAfterBackupRestoration (11ms)
Platform modules already initialized, skipping
Switching build target platform(19) subTarget(0) extendedPlatform(0) -> platform(13) subTarget(537395200) extendedPlatform(0)
Refreshing native plugins compatible for Editor in 0.42 ms, found 3 plugins.
Preloading 0 native plugins for Editor in 0.00 ms.
Unloading 2099 Unused Serialized files (Serialized files now loaded: 0)
System memory in use before: 97.9 MB.
System memory in use after: 97.3 MB.

Unloading 29 unused Assets to reduce memory usage. Loaded Objects now: 2617.
Total: 4.067700 ms (FindLiveObjects: 0.216600 ms CreateObjectMapping: 0.134700 ms MarkObjects: 3.376900 ms  DeleteObjects: 0.338400 ms)

AssetImportParameters requested are different than current active one (requested -> active):
  custom:framework-win-MediaFoundation: 216162199b28c13a410421893ffa2e32 -> 
  custom:video-decoder-ogg-theora: a1e56fd34408186e4bbccfd4996cb3dc -> 
  custom:container-muxer-webm: aa71ff27fc2769a1b78a27578f13a17b -> 
  custom:container-demuxer-webm: 4f35f7cbe854078d1ac9338744f61a02 -> 
  custom:container-demuxer-ogg: 62fdf1f143b41e24485cea50d1cbac27 -> 
  custom:video-encoder-webm-vp8: eb34c28f22e8b96e1ab97ce403110664 -> 
  custom:video-codec-MediaFoundation-h265: 746d11721c4dcdbdad8f713fa42b33f4 -> 
  custom:video-decoder-webm-vp8: 9c59270c3fd7afecdb556c50c9e8de78 -> 
  custom:graphics/normal-map-encoding: 01000000000000000000000000000000 -> 02000000000000000000000000000000
  custom:audio-decoder-ogg-vorbis: bf7c407c2cedff20999df2af8eb42d56 -> 
  custom:audio-encoder-webm-vorbis: bf7c407c2cedff20999df2af8eb42d56 -> 
========================================================================
Received Prepare
Registering precompiled user dll's ...
Registered in 0.003528 seconds.
Begin MonoManager ReloadAssembly
Native extension for WindowsStandalone target not found
Native extension for WebGL target not found
Refreshing native plugins compatible for Editor in 0.42 ms, found 3 plugins.
Preloading 0 native plugins for Editor in 0.00 ms.
Mono: successfully reloaded assembly
- Completed reload, in  1.111 seconds
Domain Reload Profiling:
	ReloadAssembly (1111ms)
		BeginReloadAssembly (114ms)
			ExecutionOrderSort (0ms)
			DisableScriptedObjects (6ms)
			BackupInstance (0ms)
			ReleaseScriptingObjects (0ms)
			CreateAndSetChildDomain (32ms)
		EndReloadAssembly (934ms)
			LoadAssemblies (88ms)
			RebuildTransferFunctionScriptingTraits (0ms)
			SetupTypeCache (280ms)
			ReleaseScriptCaches (1ms)
			RebuildScriptCaches (39ms)
			SetupLoadedEditorAssemblies (342ms)
				LogAssemblyErrors (0ms)
				InitializePlatformSupportModulesInManaged (5ms)
				SetLoadedEditorAssemblies (0ms)
				RefreshPlugins (0ms)
				BeforeProcessingInitializeOnLoad (79ms)
				ProcessInitializeOnLoadAttributes (247ms)
				ProcessInitializeOnLoadMethodAttributes (4ms)
				AfterProcessingInitializeOnLoad (6ms)
				EditorAssembliesLoaded (0ms)
			ExecutionOrderSort2 (0ms)
			AwakeInstancesAfterBackupRestoration (10ms)
Platform modules already initialized, skipping
Switching build target platform(19) subTarget(0) extendedPlatform(0) -> platform(13) subTarget(537395200) extendedPlatform(0)
Refreshing native plugins compatible for Editor in 0.43 ms, found 3 plugins.
Preloading 0 native plugins for Editor in 0.00 ms.
Unloading 2099 Unused Serialized files (Serialized files now loaded: 0)
System memory in use before: 97.9 MB.
System memory in use after: 97.4 MB.

Unloading 29 unused Assets to reduce memory usage. Loaded Objects now: 2620.
Total: 3.289600 ms (FindLiveObjects: 0.191300 ms CreateObjectMapping: 0.077100 ms MarkObjects: 2.701900 ms  DeleteObjects: 0.318000 ms)

AssetImportParameters requested are different than current active one (requested -> active):
  custom:framework-win-MediaFoundation: 216162199b28c13a410421893ffa2e32 -> 
  custom:video-decoder-ogg-theora: a1e56fd34408186e4bbccfd4996cb3dc -> 
  custom:container-muxer-webm: aa71ff27fc2769a1b78a27578f13a17b -> 
  custom:container-demuxer-webm: 4f35f7cbe854078d1ac9338744f61a02 -> 
  custom:container-demuxer-ogg: 62fdf1f143b41e24485cea50d1cbac27 -> 
  custom:video-encoder-webm-vp8: eb34c28f22e8b96e1ab97ce403110664 -> 
  custom:video-codec-MediaFoundation-h265: 746d11721c4dcdbdad8f713fa42b33f4 -> 
  custom:video-decoder-webm-vp8: 9c59270c3fd7afecdb556c50c9e8de78 -> 
  custom:graphics/normal-map-encoding: 01000000000000000000000000000000 -> 02000000000000000000000000000000
  custom:audio-decoder-ogg-vorbis: bf7c407c2cedff20999df2af8eb42d56 -> 
  custom:audio-encoder-webm-vorbis: bf7c407c2cedff20999df2af8eb42d56 -> 
